Using pre-set license
Built from '2020.3/release' branch; Version is '2020.3.12f1 (b3b2c6512326) revision 11776710'; Using compiler version '192528614'; Build Type 'Release'
OS: 'Windows 10 Home; OS build 19043.1237; Version 2009; 64bit' Language: 'en' Physical Memory: 32706 MB
BatchMode: 1, IsHumanControllingUs: 0, StartBugReporterOnCrash: 0, Is64bit: 1, IsPro: 0

 COMMAND LINE ARGUMENTS:
C:\Program Files\Unity Editors\2020.3.12f1\Editor\Unity.exe
-adb2
-batchMode
-noUpm
-name
AssetImportWorker0
-projectPath
C:/Users/Light/source/repos/continuancedivision
-logFile
Logs/AssetImportWorker0.log
-srvPort
61380
Successfully changed project path to: C:/Users/Light/source/repos/continuancedivision
C:/Users/Light/source/repos/continuancedivision
Using Asset Import Pipeline V2.
Refreshing native plugins compatible for Editor in 43.55 ms, found 2 plugins.
Preloading 0 native plugins for Editor in 0.00 ms.
Initialize engine version: 2020.3.12f1 (b3b2c6512326)
[Subsystems] Discovering subsystems at path C:/Program Files/Unity Editors/2020.3.12f1/Editor/Data/Resources/UnitySubsystems
[Subsystems] Discovering subsystems at path C:/Users/Light/source/repos/continuancedivision/Assets
GfxDevice: creating device client; threaded=0
Direct3D:
    Version:  Direct3D 11.0 [level 11.1]
    Renderer: AMD Radeon RX 5700 (ID=0x731f)
    Vendor:   
    VRAM:     8148 MB
    Driver:   27.20.1034.6
Initialize mono
Mono path[0] = 'C:/Program Files/Unity Editors/2020.3.12f1/Editor/Data/Managed'
Mono path[1] = 'C:/Program Files/Unity Editors/2020.3.12f1/Editor/Data/MonoBleedingEdge/lib/mono/unityjit'
Mono config path = 'C:/Program Files/Unity Editors/2020.3.12f1/Editor/Data/MonoBleedingEdge/etc'
Using monoOptions --debugger-agent=transport=dt_socket,embedding=1,server=y,suspend=n,address=127.0.0.1:56156
Begin MonoManager ReloadAssembly
Registering precompiled unity dll's ...
Register platform support module: C:/Program Files/Unity Editors/2020.3.12f1/Editor/Data/PlaybackEngines/WindowsStandaloneSupport/UnityEditor.WindowsStandalone.Extensions.dll
Registered in 0.003392 seconds.
Native extension for WindowsStandalone target not found
Refreshing native plugins compatible for Editor in 30.31 ms, found 2 plugins.
Preloading 0 native plugins for Editor in 0.00 ms.
Mono: successfully reloaded assembly
- Completed reload, in  2.480 seconds
Platform modules already initialized, skipping
Registering precompiled user dll's ...
Registered in 0.005782 seconds.
Begin MonoManager ReloadAssembly
Native extension for WindowsStandalone target not found
Refreshing native plugins compatible for Editor in 0.34 ms, found 2 plugins.
Preloading 0 native plugins for Editor in 0.00 ms.
Mono: successfully reloaded assembly
- Completed reload, in  1.211 seconds
Platform modules already initialized, skipping
========================================================================
Worker process is ready to serve import requests
Launched and connected shader compiler UnityShaderCompiler.exe after 0.06 seconds
Refreshing native plugins compatible for Editor in 0.29 ms, found 2 plugins.
Preloading 0 native plugins for Editor in 0.00 ms.
Unloading 1388 Unused Serialized files (Serialized files now loaded: 0)
System memory in use before: 64.9 MB.
System memory in use after: 64.9 MB.

Unloading 19 unused Assets to reduce memory usage. Loaded Objects now: 1822.
Total: 1.927700 ms (FindLiveObjects: 0.177100 ms CreateObjectMapping: 0.082500 ms MarkObjects: 1.557300 ms  DeleteObjects: 0.108600 ms)

AssetImportParameters requested are different than current active one (requested -> active):
  custom:framework-win-MediaFoundation: 216162199b28c13a410421893ffa2e32 -> 
  custom:video-decoder-ogg-theora: a1e56fd34408186e4bbccfd4996cb3dc -> 
  custom:container-muxer-webm: aa71ff27fc2769a1b78a27578f13a17b -> 
  custom:container-demuxer-webm: 4f35f7cbe854078d1ac9338744f61a02 -> 
  custom:container-demuxer-ogg: 62fdf1f143b41e24485cea50d1cbac27 -> 
  custom:video-encoder-webm-vp8: eb34c28f22e8b96e1ab97ce403110664 -> 
  custom:video-decoder-webm-vp8: 9c59270c3fd7afecdb556c50c9e8de78 -> 
  custom:audio-decoder-ogg-vorbis: bf7c407c2cedff20999df2af8eb42d56 -> 
  custom:audio-encoder-webm-vorbis: bf7c407c2cedff20999df2af8eb42d56 -> 
========================================================================
Received Import Request.
  path: Assets/Scenes/office.unity
  artifactKey: Guid(10e9d738d55d22f48a040c6a53cbee46) Importer(815301076,1909f56bfc062723c751e8b465ee728b)
Start importing Assets/Scenes/office.unity using Guid(10e9d738d55d22f48a040c6a53cbee46) Importer(815301076,1909f56bfc062723c751e8b465ee728b)  -> (artifact id: '59f3ee94cdca982ed307f4f7ffd6ee58') in 0.015321 seconds 
  Import took 0.017810 seconds .

========================================================================
Received Import Request.
  Time since last request: 7.345823 seconds.
  path: Assets/Scenes/apartment.unity
  artifactKey: Guid(10e9d738d55d22f48a040c6a53cbee46) Importer(815301076,1909f56bfc062723c751e8b465ee728b)
Start importing Assets/Scenes/apartment.unity using Guid(10e9d738d55d22f48a040c6a53cbee46) Importer(815301076,1909f56bfc062723c751e8b465ee728b)  -> (artifact id: '6dc408c44f309b3185168eb953242e2c') in 0.004507 seconds 
  Import took 0.007667 seconds .

========================================================================
Received Import Request.
  Time since last request: 18.830493 seconds.
  path: Assets/Scenes/apartment.obj
  artifactKey: Guid(f07472b2c2e21974d8100ac68751c528) Importer(815301076,1909f56bfc062723c751e8b465ee728b)
Start importing Assets/Scenes/apartment.obj using Guid(f07472b2c2e21974d8100ac68751c528) Importer(815301076,1909f56bfc062723c751e8b465ee728b)  -> (artifact id: 'fda6e41a34f42e66e7987b64b9b1dc53') in 0.210457 seconds 
  Import took 0.213002 seconds .

========================================================================
Received Import Request.
  Time since last request: 23.899899 seconds.
  path: Assets/Scenes/apartment.obj
  artifactKey: Guid(f07472b2c2e21974d8100ac68751c528) Importer(815301076,1909f56bfc062723c751e8b465ee728b)
Start importing Assets/Scenes/apartment.obj using Guid(f07472b2c2e21974d8100ac68751c528) Importer(815301076,1909f56bfc062723c751e8b465ee728b)  -> (artifact id: 'bb1755d9b18ff85fa8cd1d82f49fedf3') in 0.024690 seconds 
  Import took 0.027642 seconds .

========================================================================
Received Import Request.
  Time since last request: 1.287033 seconds.
  path: Assets/Scenes/apartment.mtl
  artifactKey: Guid(819f73beda6e063499a523d948ef8840) Importer(815301076,1909f56bfc062723c751e8b465ee728b)
Start importing Assets/Scenes/apartment.mtl using Guid(819f73beda6e063499a523d948ef8840) Importer(815301076,1909f56bfc062723c751e8b465ee728b)  -> (artifact id: 'b8749a97650a23a20e1538e8e76d0304') in 0.011076 seconds 
  Import took 0.013522 seconds .

========================================================================
Received Import Request.
  Time since last request: 35.933098 seconds.
  path: Assets/apartment.obj
  artifactKey: Guid(acbb80fb020f67f42ade1d82734d514f) Importer(815301076,1909f56bfc062723c751e8b465ee728b)
Start importing Assets/apartment.obj using Guid(acbb80fb020f67f42ade1d82734d514f) Importer(815301076,1909f56bfc062723c751e8b465ee728b)  -> (artifact id: '30fa60af2d27fb104b28d11e946e635c') in 0.019583 seconds 
  Import took 0.022466 seconds .

========================================================================
Received Import Request.
  Time since last request: 0.003658 seconds.
  path: Assets/apartment.obj
  artifactKey: Guid(acbb80fb020f67f42ade1d82734d514f) Importer(815301076,1909f56bfc062723c751e8b465ee728b)
Start importing Assets/apartment.obj using Guid(acbb80fb020f67f42ade1d82734d514f) Importer(815301076,1909f56bfc062723c751e8b465ee728b)  -> (artifact id: '30fa60af2d27fb104b28d11e946e635c') in 0.019630 seconds 
  Import took 0.022287 seconds .

========================================================================
Received Import Request.
  Time since last request: 40.280418 seconds.
  path: Assets/apartment.obj
  artifactKey: Guid(acbb80fb020f67f42ade1d82734d514f) Importer(815301076,1909f56bfc062723c751e8b465ee728b)
Start importing Assets/apartment.obj using Guid(acbb80fb020f67f42ade1d82734d514f) Importer(815301076,1909f56bfc062723c751e8b465ee728b)  -> (artifact id: 'ee2b81f3ff85499fa5ff511b3f5f8adf') in 0.023482 seconds 
  Import took 0.026197 seconds .

========================================================================
Received Import Request.
  Time since last request: 42.646717 seconds.
  path: Assets/apartment.obj
  artifactKey: Guid(acbb80fb020f67f42ade1d82734d514f) Importer(815301076,1909f56bfc062723c751e8b465ee728b)
Start importing Assets/apartment.obj using Guid(acbb80fb020f67f42ade1d82734d514f) Importer(815301076,1909f56bfc062723c751e8b465ee728b)  -> (artifact id: 'f9a82992a2f90be832b237f5000f4b6e') in 0.022241 seconds 
  Import took 0.024921 seconds .

========================================================================
Received Import Request.
  Time since last request: 20.709535 seconds.
  path: Assets/apartment.png
  artifactKey: Guid(283f0038e0255be49a46baf5614ea519) Importer(815301076,1909f56bfc062723c751e8b465ee728b)
Start importing Assets/apartment.png using Guid(283f0038e0255be49a46baf5614ea519) Importer(815301076,1909f56bfc062723c751e8b465ee728b)  -> (artifact id: '2c46f7a6d60c6f12b32f37c5abffbfc5') in 0.039179 seconds 
  Import took 0.042617 seconds .

========================================================================
Received Import Request.
  Time since last request: 559.392524 seconds.
  path: Assets/apartment.obj
  artifactKey: Guid(acbb80fb020f67f42ade1d82734d514f) Importer(815301076,1909f56bfc062723c751e8b465ee728b)
Start importing Assets/apartment.obj using Guid(acbb80fb020f67f42ade1d82734d514f) Importer(815301076,1909f56bfc062723c751e8b465ee728b)  -> (artifact id: 'a0d048568cc4d8c805560894293cab8f') in 0.028308 seconds 
  Import took 0.031589 seconds .

========================================================================
Received Import Request.
  Time since last request: 71.530056 seconds.
  path: Assets/apartment.obj
  artifactKey: Guid(acbb80fb020f67f42ade1d82734d514f) Importer(815301076,1909f56bfc062723c751e8b465ee728b)
Start importing Assets/apartment.obj using Guid(acbb80fb020f67f42ade1d82734d514f) Importer(815301076,1909f56bfc062723c751e8b465ee728b)  -> (artifact id: 'f4606dfa5c626333bed2820df3089541') in 0.027175 seconds 
  Import took 0.029990 seconds .

========================================================================
Received Import Request.
  Time since last request: 7.511242 seconds.
  path: Assets/apartment.obj
  artifactKey: Guid(acbb80fb020f67f42ade1d82734d514f) Importer(815301076,1909f56bfc062723c751e8b465ee728b)
Start importing Assets/apartment.obj using Guid(acbb80fb020f67f42ade1d82734d514f) Importer(815301076,1909f56bfc062723c751e8b465ee728b)  -> (artifact id: '243954c0ea4ed1b772d0927be2960c0d') in 0.033081 seconds 
  Import took 0.037505 seconds .

========================================================================
Received Import Request.
  Time since last request: 0.004830 seconds.
  path: Assets/apartment.obj
  artifactKey: Guid(acbb80fb020f67f42ade1d82734d514f) Importer(815301076,1909f56bfc062723c751e8b465ee728b)
Start importing Assets/apartment.obj using Guid(acbb80fb020f67f42ade1d82734d514f) Importer(815301076,1909f56bfc062723c751e8b465ee728b)  -> (artifact id: '243954c0ea4ed1b772d0927be2960c0d') in 0.032211 seconds 
  Import took 0.036325 seconds .

========================================================================
Received Import Request.
  Time since last request: 19.693273 seconds.
  path: Assets/New Material.mat
  artifactKey: Guid(258cef7c5cdb8c74ba7a53d8ef750591) Importer(815301076,1909f56bfc062723c751e8b465ee728b)
Start importing Assets/New Material.mat using Guid(258cef7c5cdb8c74ba7a53d8ef750591) Importer(815301076,1909f56bfc062723c751e8b465ee728b)  -> (artifact id: 'ee571862fd70fffe6180a9902801ca76') in 0.013019 seconds 
  Import took 0.015959 seconds .

========================================================================
Received Import Request.
  Time since last request: 14.693449 seconds.
  path: Assets/apartment.obj
  artifactKey: Guid(acbb80fb020f67f42ade1d82734d514f) Importer(815301076,1909f56bfc062723c751e8b465ee728b)
Start importing Assets/apartment.obj using Guid(acbb80fb020f67f42ade1d82734d514f) Importer(815301076,1909f56bfc062723c751e8b465ee728b)  -> (artifact id: 'a201acfe087ee3292dff888d27b0cdf3') in 0.019474 seconds 
  Import took 0.023044 seconds .

========================================================================
Received Prepare
Registering precompiled user dll's ...
Registered in 0.007670 seconds.
Begin MonoManager ReloadAssembly
Native extension for WindowsStandalone target not found
Refreshing native plugins compatible for Editor in 0.47 ms, found 2 plugins.
Preloading 0 native plugins for Editor in 0.00 ms.
Mono: successfully reloaded assembly
- Completed reload, in  1.159 seconds
Platform modules already initialized, skipping
Refreshing native plugins compatible for Editor in 0.52 ms, found 2 plugins.
Preloading 0 native plugins for Editor in 0.00 ms.
Unloading 1383 Unused Serialized files (Serialized files now loaded: 0)
System memory in use before: 68.4 MB.
System memory in use after: 68.5 MB.

Unloading 14 unused Assets to reduce memory usage. Loaded Objects now: 1870.
Total: 2.050200 ms (FindLiveObjects: 0.165300 ms CreateObjectMapping: 0.054400 ms MarkObjects: 1.775400 ms  DeleteObjects: 0.054000 ms)

AssetImportParameters requested are different than current active one (requested -> active):
  custom:framework-win-MediaFoundation: 216162199b28c13a410421893ffa2e32 -> 
  custom:video-decoder-ogg-theora: a1e56fd34408186e4bbccfd4996cb3dc -> 
  custom:container-muxer-webm: aa71ff27fc2769a1b78a27578f13a17b -> 
  custom:container-demuxer-webm: 4f35f7cbe854078d1ac9338744f61a02 -> 
  custom:container-demuxer-ogg: 62fdf1f143b41e24485cea50d1cbac27 -> 
  custom:video-encoder-webm-vp8: eb34c28f22e8b96e1ab97ce403110664 -> 
  custom:video-decoder-webm-vp8: 9c59270c3fd7afecdb556c50c9e8de78 -> 
  custom:audio-decoder-ogg-vorbis: bf7c407c2cedff20999df2af8eb42d56 -> 
  custom:audio-encoder-webm-vorbis: bf7c407c2cedff20999df2af8eb42d56 -> 
========================================================================
Received Import Request.
  Time since last request: 82.322709 seconds.
  path: Assets/apartment.obj
  artifactKey: Guid(acbb80fb020f67f42ade1d82734d514f) Importer(815301076,1909f56bfc062723c751e8b465ee728b)
Start importing Assets/apartment.obj using Guid(acbb80fb020f67f42ade1d82734d514f) Importer(815301076,1909f56bfc062723c751e8b465ee728b)  -> (artifact id: '11c075005b18d84b4b6ca37a5153f8ab') in 0.098174 seconds 
  Import took 0.100816 seconds .

========================================================================
Received Prepare
Registering precompiled user dll's ...
Registered in 0.006525 seconds.
Begin MonoManager ReloadAssembly
Native extension for WindowsStandalone target not found
Refreshing native plugins compatible for Editor in 0.36 ms, found 2 plugins.
Preloading 0 native plugins for Editor in 0.00 ms.
Mono: successfully reloaded assembly
- Completed reload, in  1.064 seconds
Platform modules already initialized, skipping
Refreshing native plugins compatible for Editor in 0.49 ms, found 2 plugins.
Preloading 0 native plugins for Editor in 0.00 ms.
Unloading 1383 Unused Serialized files (Serialized files now loaded: 0)
System memory in use before: 68.4 MB.
System memory in use after: 68.5 MB.

Unloading 14 unused Assets to reduce memory usage. Loaded Objects now: 1874.
Total: 2.136500 ms (FindLiveObjects: 0.175200 ms CreateObjectMapping: 0.046900 ms MarkObjects: 1.855200 ms  DeleteObjects: 0.057600 ms)

AssetImportParameters requested are different than current active one (requested -> active):
  custom:framework-win-MediaFoundation: 216162199b28c13a410421893ffa2e32 -> 
  custom:video-decoder-ogg-theora: a1e56fd34408186e4bbccfd4996cb3dc -> 
  custom:container-muxer-webm: aa71ff27fc2769a1b78a27578f13a17b -> 
  custom:container-demuxer-webm: 4f35f7cbe854078d1ac9338744f61a02 -> 
  custom:container-demuxer-ogg: 62fdf1f143b41e24485cea50d1cbac27 -> 
  custom:video-encoder-webm-vp8: eb34c28f22e8b96e1ab97ce403110664 -> 
  custom:video-decoder-webm-vp8: 9c59270c3fd7afecdb556c50c9e8de78 -> 
  custom:audio-decoder-ogg-vorbis: bf7c407c2cedff20999df2af8eb42d56 -> 
  custom:audio-encoder-webm-vorbis: bf7c407c2cedff20999df2af8eb42d56 -> 
========================================================================
Received Import Request.
  Time since last request: 144.067473 seconds.
  path: Assets/blackmagic.cs
  artifactKey: Guid(e028beffa457af643b9e2abd0eb28cd3) Importer(815301076,1909f56bfc062723c751e8b465ee728b)
Start importing Assets/blackmagic.cs using Guid(e028beffa457af643b9e2abd0eb28cd3) Importer(815301076,1909f56bfc062723c751e8b465ee728b)  -> (artifact id: 'e4ff6cecd6a70d9fb6f2ad6e28059e54') in 0.018834 seconds 
  Import took 0.022334 seconds .

========================================================================
Received Prepare
Registering precompiled user dll's ...
Registered in 0.009475 seconds.
Begin MonoManager ReloadAssembly
Native extension for WindowsStandalone target not found
Refreshing native plugins compatible for Editor in 0.53 ms, found 2 plugins.
Preloading 0 native plugins for Editor in 0.00 ms.
Mono: successfully reloaded assembly
- Completed reload, in  2.917 seconds
Platform modules already initialized, skipping
Refreshing native plugins compatible for Editor in 1.16 ms, found 2 plugins.
Preloading 0 native plugins for Editor in 0.00 ms.
Unloading 1384 Unused Serialized files (Serialized files now loaded: 0)
System memory in use before: 68.5 MB.
System memory in use after: 68.5 MB.

Unloading 14 unused Assets to reduce memory usage. Loaded Objects now: 1878.
Total: 3.463200 ms (FindLiveObjects: 0.404700 ms CreateObjectMapping: 0.112300 ms MarkObjects: 2.867100 ms  DeleteObjects: 0.077600 ms)

AssetImportParameters requested are different than current active one (requested -> active):
  custom:framework-win-MediaFoundation: 216162199b28c13a410421893ffa2e32 -> 
  custom:video-decoder-ogg-theora: a1e56fd34408186e4bbccfd4996cb3dc -> 
  custom:container-muxer-webm: aa71ff27fc2769a1b78a27578f13a17b -> 
  custom:container-demuxer-webm: 4f35f7cbe854078d1ac9338744f61a02 -> 
  custom:container-demuxer-ogg: 62fdf1f143b41e24485cea50d1cbac27 -> 
  custom:video-encoder-webm-vp8: eb34c28f22e8b96e1ab97ce403110664 -> 
  custom:video-decoder-webm-vp8: 9c59270c3fd7afecdb556c50c9e8de78 -> 
  custom:audio-decoder-ogg-vorbis: bf7c407c2cedff20999df2af8eb42d56 -> 
  custom:audio-encoder-webm-vorbis: bf7c407c2cedff20999df2af8eb42d56 -> 
========================================================================
Received Import Request.
  Time since last request: 47.427782 seconds.
  path: Assets/blackmagic.cs
  artifactKey: Guid(e028beffa457af643b9e2abd0eb28cd3) Importer(815301076,1909f56bfc062723c751e8b465ee728b)
Start importing Assets/blackmagic.cs using Guid(e028beffa457af643b9e2abd0eb28cd3) Importer(815301076,1909f56bfc062723c751e8b465ee728b)  -> (artifact id: '1087f0e25b8323ae83d139a44b3e0c5e') in 0.016202 seconds 
  Import took 0.022241 seconds .

========================================================================
Received Prepare
Registering precompiled user dll's ...
Registered in 0.008664 seconds.
Begin MonoManager ReloadAssembly
Native extension for WindowsStandalone target not found
Refreshing native plugins compatible for Editor in 0.29 ms, found 2 plugins.
Preloading 0 native plugins for Editor in 0.00 ms.
Mono: successfully reloaded assembly
- Completed reload, in  1.767 seconds
Platform modules already initialized, skipping
Refreshing native plugins compatible for Editor in 0.49 ms, found 2 plugins.
Preloading 0 native plugins for Editor in 0.00 ms.
Unloading 1384 Unused Serialized files (Serialized files now loaded: 0)
System memory in use before: 68.5 MB.
System memory in use after: 68.5 MB.

Unloading 14 unused Assets to reduce memory usage. Loaded Objects now: 1881.
Total: 2.312900 ms (FindLiveObjects: 0.302800 ms CreateObjectMapping: 0.184100 ms MarkObjects: 1.765500 ms  DeleteObjects: 0.059000 ms)

AssetImportParameters requested are different than current active one (requested -> active):
  custom:framework-win-MediaFoundation: 216162199b28c13a410421893ffa2e32 -> 
  custom:video-decoder-ogg-theora: a1e56fd34408186e4bbccfd4996cb3dc -> 
  custom:container-muxer-webm: aa71ff27fc2769a1b78a27578f13a17b -> 
  custom:container-demuxer-webm: 4f35f7cbe854078d1ac9338744f61a02 -> 
  custom:container-demuxer-ogg: 62fdf1f143b41e24485cea50d1cbac27 -> 
  custom:video-encoder-webm-vp8: eb34c28f22e8b96e1ab97ce403110664 -> 
  custom:video-decoder-webm-vp8: 9c59270c3fd7afecdb556c50c9e8de78 -> 
  custom:audio-decoder-ogg-vorbis: bf7c407c2cedff20999df2af8eb42d56 -> 
  custom:audio-encoder-webm-vorbis: bf7c407c2cedff20999df2af8eb42d56 -> 
========================================================================
Received Prepare
Registering precompiled user dll's ...
Registered in 0.007911 seconds.
Begin MonoManager ReloadAssembly
Native extension for WindowsStandalone target not found
Refreshing native plugins compatible for Editor in 0.36 ms, found 2 plugins.
Preloading 0 native plugins for Editor in 0.00 ms.
Mono: successfully reloaded assembly
- Completed reload, in  1.390 seconds
Platform modules already initialized, skipping
Refreshing native plugins compatible for Editor in 0.34 ms, found 2 plugins.
Preloading 0 native plugins for Editor in 0.00 ms.
Unloading 1384 Unused Serialized files (Serialized files now loaded: 0)
System memory in use before: 68.5 MB.
System memory in use after: 68.6 MB.

Unloading 14 unused Assets to reduce memory usage. Loaded Objects now: 1884.
Total: 2.761300 ms (FindLiveObjects: 0.268200 ms CreateObjectMapping: 0.079500 ms MarkObjects: 2.350200 ms  DeleteObjects: 0.061800 ms)

AssetImportParameters requested are different than current active one (requested -> active):
  custom:framework-win-MediaFoundation: 216162199b28c13a410421893ffa2e32 -> 
  custom:video-decoder-ogg-theora: a1e56fd34408186e4bbccfd4996cb3dc -> 
  custom:container-muxer-webm: aa71ff27fc2769a1b78a27578f13a17b -> 
  custom:container-demuxer-webm: 4f35f7cbe854078d1ac9338744f61a02 -> 
  custom:container-demuxer-ogg: 62fdf1f143b41e24485cea50d1cbac27 -> 
  custom:video-encoder-webm-vp8: eb34c28f22e8b96e1ab97ce403110664 -> 
  custom:video-decoder-webm-vp8: 9c59270c3fd7afecdb556c50c9e8de78 -> 
  custom:audio-decoder-ogg-vorbis: bf7c407c2cedff20999df2af8eb42d56 -> 
  custom:audio-encoder-webm-vorbis: bf7c407c2cedff20999df2af8eb42d56 -> 
========================================================================
Received Import Request.
  Time since last request: 517.782108 seconds.
  path: Assets/apartment.obj
  artifactKey: Guid(acbb80fb020f67f42ade1d82734d514f) Importer(815301076,1909f56bfc062723c751e8b465ee728b)
Start importing Assets/apartment.obj using Guid(acbb80fb020f67f42ade1d82734d514f) Importer(815301076,1909f56bfc062723c751e8b465ee728b)  -> (artifact id: '3bc908969a02e541d61a6c3355da7541') in 0.114086 seconds 
  Import took 0.123295 seconds .

========================================================================
Received Prepare
Registering precompiled user dll's ...
Registered in 0.007385 seconds.
Begin MonoManager ReloadAssembly
Native extension for WindowsStandalone target not found
Refreshing native plugins compatible for Editor in 0.41 ms, found 2 plugins.
Preloading 0 native plugins for Editor in 0.00 ms.
Mono: successfully reloaded assembly
- Completed reload, in  1.337 seconds
Platform modules already initialized, skipping
Refreshing native plugins compatible for Editor in 0.29 ms, found 2 plugins.
Preloading 0 native plugins for Editor in 0.00 ms.
Unloading 1384 Unused Serialized files (Serialized files now loaded: 0)
System memory in use before: 68.5 MB.
System memory in use after: 68.6 MB.

Unloading 14 unused Assets to reduce memory usage. Loaded Objects now: 1888.
Total: 1.826700 ms (FindLiveObjects: 0.155700 ms CreateObjectMapping: 0.048500 ms MarkObjects: 1.564900 ms  DeleteObjects: 0.056400 ms)

AssetImportParameters requested are different than current active one (requested -> active):
  custom:framework-win-MediaFoundation: 216162199b28c13a410421893ffa2e32 -> 
  custom:video-decoder-ogg-theora: a1e56fd34408186e4bbccfd4996cb3dc -> 
  custom:container-muxer-webm: aa71ff27fc2769a1b78a27578f13a17b -> 
  custom:container-demuxer-webm: 4f35f7cbe854078d1ac9338744f61a02 -> 
  custom:container-demuxer-ogg: 62fdf1f143b41e24485cea50d1cbac27 -> 
  custom:video-encoder-webm-vp8: eb34c28f22e8b96e1ab97ce403110664 -> 
  custom:video-decoder-webm-vp8: 9c59270c3fd7afecdb556c50c9e8de78 -> 
  custom:audio-decoder-ogg-vorbis: bf7c407c2cedff20999df2af8eb42d56 -> 
  custom:audio-encoder-webm-vorbis: bf7c407c2cedff20999df2af8eb42d56 -> 
========================================================================
Received Prepare
Registering precompiled user dll's ...
Registered in 0.006185 seconds.
Begin MonoManager ReloadAssembly
Native extension for WindowsStandalone target not found
Refreshing native plugins compatible for Editor in 0.31 ms, found 2 plugins.
Preloading 0 native plugins for Editor in 0.00 ms.
Mono: successfully reloaded assembly
- Completed reload, in  1.237 seconds
Platform modules already initialized, skipping
Refreshing native plugins compatible for Editor in 0.33 ms, found 2 plugins.
Preloading 0 native plugins for Editor in 0.00 ms.
Unloading 1384 Unused Serialized files (Serialized files now loaded: 0)
System memory in use before: 68.5 MB.
System memory in use after: 68.6 MB.

Unloading 14 unused Assets to reduce memory usage. Loaded Objects now: 1891.
Total: 2.411800 ms (FindLiveObjects: 0.207500 ms CreateObjectMapping: 0.055200 ms MarkObjects: 2.093900 ms  DeleteObjects: 0.054100 ms)

AssetImportParameters requested are different than current active one (requested -> active):
  custom:framework-win-MediaFoundation: 216162199b28c13a410421893ffa2e32 -> 
  custom:video-decoder-ogg-theora: a1e56fd34408186e4bbccfd4996cb3dc -> 
  custom:container-muxer-webm: aa71ff27fc2769a1b78a27578f13a17b -> 
  custom:container-demuxer-webm: 4f35f7cbe854078d1ac9338744f61a02 -> 
  custom:container-demuxer-ogg: 62fdf1f143b41e24485cea50d1cbac27 -> 
  custom:video-encoder-webm-vp8: eb34c28f22e8b96e1ab97ce403110664 -> 
  custom:video-decoder-webm-vp8: 9c59270c3fd7afecdb556c50c9e8de78 -> 
  custom:audio-decoder-ogg-vorbis: bf7c407c2cedff20999df2af8eb42d56 -> 
  custom:audio-encoder-webm-vorbis: bf7c407c2cedff20999df2af8eb42d56 -> 
AssetImportWorkerClient::OnTransportError - code=2 error=End of file
